Using pre-set license
Built from '2020.2/release' branch; Version is '2020.2.4f1 (becced5a802b) revision 12504301'; Using compiler version '192528614'; Build Type 'Release'
OS: 'Windows 10 Home; OS build 22631.3374; Version 2009; 64bit' Language: 'es' Physical Memory: 16068 MB
BatchMode: 1, IsHumanControllingUs: 0, StartBugReporterOnCrash: 0, Is64bit: 1, IsPro: 0

 COMMAND LINE ARGUMENTS:
C:\Program Files\Unity\Hub\Editor\2020.2.4f1\Editor\Unity.exe
-adb2
-batchMode
-noUpm
-name
AssetImportWorker0
-projectPath
C:/Users/laiae/My project
-logFile
Logs/AssetImportWorker0.log
-srvPort
51206
Successfully changed project path to: C:/Users/laiae/My project
C:/Users/laiae/My project
Using Asset Import Pipeline V2.
Refreshing native plugins compatible for Editor in 0.33 ms, found 0 plugins.
Preloading 0 native plugins for Editor in 0.00 ms.
Initialize engine version: 2020.2.4f1 (becced5a802b)
[Subsystems] Discovering subsystems at path C:/Program Files/Unity/Hub/Editor/2020.2.4f1/Editor/Data/Resources/UnitySubsystems
[Subsystems] Discovering subsystems at path C:/Users/laiae/My project/Assets
GfxDevice: creating device client; threaded=0
Direct3D:
    Version:  Direct3D 11.0 [level 11.1]
    Renderer: Intel(R) Iris(R) Xe Graphics (ID=0x46a6)
    Vendor:   
    VRAM:     8034 MB
    Driver:   31.0.101.4575
Initialize mono
Mono path[0] = 'C:/Program Files/Unity/Hub/Editor/2020.2.4f1/Editor/Data/Managed'
Mono path[1] = 'C:/Program Files/Unity/Hub/Editor/2020.2.4f1/Editor/Data/MonoBleedingEdge/lib/mono/unityjit'
Mono config path = 'C:/Program Files/Unity/Hub/Editor/2020.2.4f1/Editor/Data/MonoBleedingEdge/etc'
Using monoOptions --debugger-agent=transport=dt_socket,embedding=1,server=y,suspend=n,address=127.0.0.1:56824
Begin MonoManager ReloadAssembly
Registering precompiled unity dll's ...
Register platform support module: C:/Program Files/Unity/Hub/Editor/2020.2.4f1/Editor/Data/PlaybackEngines/MacStandaloneSupport/UnityEditor.OSXStandalone.Extensions.dll
Register platform support module: C:/Program Files/Unity/Hub/Editor/2020.2.4f1/Editor/Data/PlaybackEngines/WindowsStandaloneSupport/UnityEditor.WindowsStandalone.Extensions.dll
Registered in 0.001883 seconds.
Native extension for WindowsStandalone target not found
Native extension for OSXStandalone target not found
Refreshing native plugins compatible for Editor in 0.17 ms, found 0 plugins.
Preloading 0 native plugins for Editor in 0.00 ms.
Invoked RoslynAnalysisRunner static constructor.
RoslynAnalysisRunner will not be running.
RoslynAnalysisRunner has terminated.
Mono: successfully reloaded assembly
- Completed reload, in  1.033 seconds
Platform modules already initialized, skipping
Registering precompiled user dll's ...
Registered in 0.000009 seconds.
Begin MonoManager ReloadAssembly
Native extension for WindowsStandalone target not found
Native extension for OSXStandalone target not found
Refreshing native plugins compatible for Editor in 0.02 ms, found 0 plugins.
Preloading 0 native plugins for Editor in 0.00 ms.
Invoked RoslynAnalysisRunner static constructor.
RoslynAnalysisRunner will not be running.
RoslynAnalysisRunner has terminated.
Mono: successfully reloaded assembly
- Completed reload, in  0.795 seconds
Platform modules already initialized, skipping
========================================================================
Worker process is ready to serve import requests
Launched and connected shader compiler UnityShaderCompiler.exe after 0.17 seconds
Refreshing native plugins compatible for Editor in 0.01 ms, found 0 plugins.
Preloading 0 native plugins for Editor in 0.00 ms.
Unloading 6 Unused Serialized files (Serialized files now loaded: 0)
System memory in use before: 24.1 MB.
System memory in use after: 24.0 MB.

Unloading 2 unused Assets to reduce memory usage. Loaded Objects now: 445.
Total: 1.769700 ms (FindLiveObjects: 0.054000 ms CreateObjectMapping: 0.005900 ms MarkObjects: 1.620600 ms  DeleteObjects: 0.087500 ms)

========================================================================
Received Import Request.
  path: Assets
  artifactKey: Guid(00000000000000001000000000000000) Importer(815301076,1909f56bfc062723c751e8b465ee728b)
Start importing Assets using Guid(00000000000000001000000000000000) Importer(815301076,1909f56bfc062723c751e8b465ee728b)  -> (artifact id: 'edc3feb264a98656617d3c2cb59c8f16') in 0.005613 seconds
  Import took 0.010681 seconds .

========================================================================
Received Prepare
Refreshing native plugins compatible for Editor in 0.01 ms, found 0 plugins.
Preloading 0 native plugins for Editor in 0.00 ms.
Unloading 0 Unused Serialized files (Serialized files now loaded: 0)
System memory in use before: 23.7 MB.
System memory in use after: 23.7 MB.

Unloading 0 unused Assets to reduce memory usage. Loaded Objects now: 445.
Total: 2.656900 ms (FindLiveObjects: 0.119200 ms CreateObjectMapping: 0.006000 ms MarkObjects: 2.515500 ms  DeleteObjects: 0.007800 ms)

========================================================================
Received Import Request.
  Time since last request: 5.975698 seconds.
  path: Assets/Materials
  artifactKey: Guid(fdb67df256911ea4ca50fad776ccb60c) Importer(815301076,1909f56bfc062723c751e8b465ee728b)
Start importing Assets/Materials using Guid(fdb67df256911ea4ca50fad776ccb60c) Importer(815301076,1909f56bfc062723c751e8b465ee728b)  -> (artifact id: '1f63adf0fa0d5a43120485817c87c4eb') in 0.003842 seconds
  Import took 0.007090 seconds .

========================================================================
Received Import Request.
  Time since last request: 16.696869 seconds.
  path: Assets/New Material.mat
  artifactKey: Guid(79510642c2c9025418cfa57e4da19e65) Importer(815301076,1909f56bfc062723c751e8b465ee728b)
Start importing Assets/New Material.mat using Guid(79510642c2c9025418cfa57e4da19e65) Importer(815301076,1909f56bfc062723c751e8b465ee728b)  -> (artifact id: '4e2c3701cf4b5ffb34e006b711e72b2f') in 0.158940 seconds
  Import took 0.161519 seconds .

========================================================================
Received Prepare
Registering precompiled user dll's ...
Registered in 0.000568 seconds.
Begin MonoManager ReloadAssembly
Native extension for WindowsStandalone target not found
Native extension for OSXStandalone target not found
Refreshing native plugins compatible for Editor in 0.30 ms, found 0 plugins.
Preloading 0 native plugins for Editor in 0.00 ms.
Invoked RoslynAnalysisRunner static constructor.
RoslynAnalysisRunner will not be running.
RoslynAnalysisRunner has terminated.
Mono: successfully reloaded assembly
- Completed reload, in  0.741 seconds
Platform modules already initialized, skipping
Refreshing native plugins compatible for Editor in 0.20 ms, found 0 plugins.
Preloading 0 native plugins for Editor in 0.00 ms.
Unloading 1099 Unused Serialized files (Serialized files now loaded: 0)
System memory in use before: 59.5 MB.
System memory in use after: 59.6 MB.

Unloading 3 unused Assets to reduce memory usage. Loaded Objects now: 1585.
Total: 2.781300 ms (FindLiveObjects: 0.161100 ms CreateObjectMapping: 0.031800 ms MarkObjects: 2.475400 ms  DeleteObjects: 0.110800 ms)

========================================================================
Received Prepare
Registering precompiled user dll's ...
Registered in 0.000610 seconds.
Begin MonoManager ReloadAssembly
Native extension for WindowsStandalone target not found
Native extension for OSXStandalone target not found
Refreshing native plugins compatible for Editor in 0.52 ms, found 0 plugins.
Preloading 0 native plugins for Editor in 0.00 ms.
Invoked RoslynAnalysisRunner static constructor.
RoslynAnalysisRunner will not be running.
RoslynAnalysisRunner has terminated.
Mono: successfully reloaded assembly
- Completed reload, in  0.809 seconds
Platform modules already initialized, skipping
Refreshing native plugins compatible for Editor in 0.33 ms, found 0 plugins.
Preloading 0 native plugins for Editor in 0.00 ms.
Unloading 1099 Unused Serialized files (Serialized files now loaded: 0)
System memory in use before: 59.7 MB.
System memory in use after: 59.8 MB.

Unloading 5 unused Assets to reduce memory usage. Loaded Objects now: 1587.
Total: 2.171200 ms (FindLiveObjects: 0.252000 ms CreateObjectMapping: 0.036900 ms MarkObjects: 1.794700 ms  DeleteObjects: 0.085600 ms)

========================================================================
Received Import Request.
  Time since last request: 486.839569 seconds.
  path: Assets/Materials/Blue.mat
  artifactKey: Guid(3a29bd2f639b92a4ebae8b70e95c120c) Importer(815301076,1909f56bfc062723c751e8b465ee728b)
Start importing Assets/Materials/Blue.mat using Guid(3a29bd2f639b92a4ebae8b70e95c120c) Importer(815301076,1909f56bfc062723c751e8b465ee728b)  -> (artifact id: '7a9d8fa940cfc3451c0679246e97841c') in 0.070639 seconds
  Import took 0.076408 seconds .

========================================================================
Received Prepare
Registering precompiled user dll's ...
Registered in 0.000770 seconds.
Begin MonoManager ReloadAssembly
Native extension for WindowsStandalone target not found
Native extension for OSXStandalone target not found
Refreshing native plugins compatible for Editor in 0.24 ms, found 0 plugins.
Preloading 0 native plugins for Editor in 0.00 ms.
Invoked RoslynAnalysisRunner static constructor.
RoslynAnalysisRunner will not be running.
RoslynAnalysisRunner has terminated.
Mono: successfully reloaded assembly
- Completed reload, in  0.793 seconds
Platform modules already initialized, skipping
Refreshing native plugins compatible for Editor in 0.24 ms, found 0 plugins.
Preloading 0 native plugins for Editor in 0.00 ms.
Unloading 1100 Unused Serialized files (Serialized files now loaded: 0)
System memory in use before: 59.7 MB.
System memory in use after: 59.8 MB.

Unloading 5 unused Assets to reduce memory usage. Loaded Objects now: 1591.
Total: 3.042200 ms (FindLiveObjects: 0.203900 ms CreateObjectMapping: 0.032400 ms MarkObjects: 2.708700 ms  DeleteObjects: 0.095800 ms)

========================================================================
Received Prepare
Registering precompiled user dll's ...
Registered in 0.000595 seconds.
Begin MonoManager ReloadAssembly
Native extension for WindowsStandalone target not found
Native extension for OSXStandalone target not found
Refreshing native plugins compatible for Editor in 0.20 ms, found 0 plugins.
Preloading 0 native plugins for Editor in 0.00 ms.
Invoked RoslynAnalysisRunner static constructor.
RoslynAnalysisRunner will not be running.
RoslynAnalysisRunner has terminated.
Mono: successfully reloaded assembly
- Completed reload, in  0.735 seconds
Platform modules already initialized, skipping
Refreshing native plugins compatible for Editor in 0.77 ms, found 0 plugins.
Preloading 0 native plugins for Editor in 0.00 ms.
Unloading 1100 Unused Serialized files (Serialized files now loaded: 0)
System memory in use before: 59.8 MB.
System memory in use after: 59.8 MB.

Unloading 5 unused Assets to reduce memory usage. Loaded Objects now: 1593.
Total: 2.122800 ms (FindLiveObjects: 0.102600 ms CreateObjectMapping: 0.028700 ms MarkObjects: 1.921300 ms  DeleteObjects: 0.068900 ms)

========================================================================
Received Import Request.
  Time since last request: 67.819243 seconds.
  path: Assets/CubeBehavior.cs
  artifactKey: Guid(45878dfec7317ac45bece4bac2db4381) Importer(815301076,1909f56bfc062723c751e8b465ee728b)
Start importing Assets/CubeBehavior.cs using Guid(45878dfec7317ac45bece4bac2db4381) Importer(815301076,1909f56bfc062723c751e8b465ee728b)  -> (artifact id: '9108952af2c7f81615eb41cdab62e9bc') in 0.022412 seconds
  Import took 0.026814 seconds .

========================================================================
Received Prepare
Registering precompiled user dll's ...
Registered in 0.001177 seconds.
Begin MonoManager ReloadAssembly
Native extension for WindowsStandalone target not found
Native extension for OSXStandalone target not found
Refreshing native plugins compatible for Editor in 0.38 ms, found 0 plugins.
Preloading 0 native plugins for Editor in 0.00 ms.
Invoked RoslynAnalysisRunner static constructor.
RoslynAnalysisRunner will not be running.
RoslynAnalysisRunner has terminated.
Mono: successfully reloaded assembly
- Completed reload, in  1.420 seconds
Platform modules already initialized, skipping
Refreshing native plugins compatible for Editor in 0.46 ms, found 0 plugins.
Preloading 0 native plugins for Editor in 0.00 ms.
Unloading 1100 Unused Serialized files (Serialized files now loaded: 0)
System memory in use before: 59.8 MB.
System memory in use after: 59.8 MB.

Unloading 5 unused Assets to reduce memory usage. Loaded Objects now: 1595.
Total: 2.954200 ms (FindLiveObjects: 0.256900 ms CreateObjectMapping: 0.054500 ms MarkObjects: 2.524600 ms  DeleteObjects: 0.115500 ms)

========================================================================
Received Prepare
Registering precompiled user dll's ...
Registered in 0.002222 seconds.
Begin MonoManager ReloadAssembly
Native extension for WindowsStandalone target not found
Native extension for OSXStandalone target not found
Refreshing native plugins compatible for Editor in 0.27 ms, found 0 plugins.
Preloading 0 native plugins for Editor in 0.00 ms.
Invoked RoslynAnalysisRunner static constructor.
RoslynAnalysisRunner will not be running.
RoslynAnalysisRunner has terminated.
Mono: successfully reloaded assembly
- Completed reload, in  1.034 seconds
Platform modules already initialized, skipping
Refreshing native plugins compatible for Editor in 0.42 ms, found 0 plugins.
Preloading 0 native plugins for Editor in 0.00 ms.
Unloading 1100 Unused Serialized files (Serialized files now loaded: 0)
System memory in use before: 59.8 MB.
System memory in use after: 59.8 MB.

Unloading 5 unused Assets to reduce memory usage. Loaded Objects now: 1597.
Total: 3.972600 ms (FindLiveObjects: 0.297300 ms CreateObjectMapping: 0.032900 ms MarkObjects: 3.512300 ms  DeleteObjects: 0.128400 ms)

========================================================================
Received Prepare
Registering precompiled user dll's ...
Registered in 0.000579 seconds.
Begin MonoManager ReloadAssembly
Native extension for WindowsStandalone target not found
Native extension for OSXStandalone target not found
Refreshing native plugins compatible for Editor in 0.20 ms, found 0 plugins.
Preloading 0 native plugins for Editor in 0.00 ms.
Invoked RoslynAnalysisRunner static constructor.
RoslynAnalysisRunner will not be running.
RoslynAnalysisRunner has terminated.
Mono: successfully reloaded assembly
- Completed reload, in  0.766 seconds
Platform modules already initialized, skipping
Refreshing native plugins compatible for Editor in 0.18 ms, found 0 plugins.
Preloading 0 native plugins for Editor in 0.00 ms.
Unloading 1100 Unused Serialized files (Serialized files now loaded: 0)
System memory in use before: 59.8 MB.
System memory in use after: 59.9 MB.

Unloading 5 unused Assets to reduce memory usage. Loaded Objects now: 1599.
Total: 2.397600 ms (FindLiveObjects: 0.180500 ms CreateObjectMapping: 0.039200 ms MarkObjects: 2.017800 ms  DeleteObjects: 0.158200 ms)

========================================================================
Received Import Request.
  Time since last request: 355.248126 seconds.
  path: Assets/CubeBehavior.cs
  artifactKey: Guid(45878dfec7317ac45bece4bac2db4381) Importer(815301076,1909f56bfc062723c751e8b465ee728b)
Start importing Assets/CubeBehavior.cs using Guid(45878dfec7317ac45bece4bac2db4381) Importer(815301076,1909f56bfc062723c751e8b465ee728b)  -> (artifact id: '209bc28fe2fe10baa4313dbc0aefb567') in 0.004648 seconds
  Import took 0.009399 seconds .

========================================================================
Received Import Request.
  Time since last request: 0.003787 seconds.
  path: Assets/CubeBehavior.cs
  artifactKey: Guid(45878dfec7317ac45bece4bac2db4381) Importer(815301076,1909f56bfc062723c751e8b465ee728b)
Start importing Assets/CubeBehavior.cs using Guid(45878dfec7317ac45bece4bac2db4381) Importer(815301076,1909f56bfc062723c751e8b465ee728b)  -> (artifact id: '209bc28fe2fe10baa4313dbc0aefb567') in 0.028708 seconds
  Import took 0.033842 seconds .

========================================================================
Received Prepare
Registering precompiled user dll's ...
Registered in 0.001141 seconds.
Begin MonoManager ReloadAssembly
Native extension for WindowsStandalone target not found
Native extension for OSXStandalone target not found
Refreshing native plugins compatible for Editor in 0.34 ms, found 0 plugins.
Preloading 0 native plugins for Editor in 0.00 ms.
Invoked RoslynAnalysisRunner static constructor.
RoslynAnalysisRunner will not be running.
RoslynAnalysisRunner has terminated.
Mono: successfully reloaded assembly
- Completed reload, in  1.449 seconds
Platform modules already initialized, skipping
Refreshing native plugins compatible for Editor in 0.33 ms, found 0 plugins.
Preloading 0 native plugins for Editor in 0.00 ms.
Unloading 1100 Unused Serialized files (Serialized files now loaded: 0)
System memory in use before: 59.8 MB.
System memory in use after: 59.9 MB.

Unloading 5 unused Assets to reduce memory usage. Loaded Objects now: 1601.
Total: 2.767500 ms (FindLiveObjects: 0.195200 ms CreateObjectMapping: 0.058800 ms MarkObjects: 2.428400 ms  DeleteObjects: 0.082600 ms)

========================================================================
Received Import Request.
  Time since last request: 21.612293 seconds.
  path: Assets/CubeBehavior.cs
  artifactKey: Guid(45878dfec7317ac45bece4bac2db4381) Importer(815301076,1909f56bfc062723c751e8b465ee728b)
Start importing Assets/CubeBehavior.cs using Guid(45878dfec7317ac45bece4bac2db4381) Importer(815301076,1909f56bfc062723c751e8b465ee728b)  -> (artifact id: '0a7bf42bf305c2282dfb0bc9fe9b78cd') in 0.005424 seconds
  Import took 0.009898 seconds .

========================================================================
Received Import Request.
  Time since last request: 0.060332 seconds.
  path: Assets/CubeBehavior.cs
  artifactKey: Guid(45878dfec7317ac45bece4bac2db4381) Importer(815301076,1909f56bfc062723c751e8b465ee728b)
Start importing Assets/CubeBehavior.cs using Guid(45878dfec7317ac45bece4bac2db4381) Importer(815301076,1909f56bfc062723c751e8b465ee728b)  -> (artifact id: '0a7bf42bf305c2282dfb0bc9fe9b78cd') in 0.003621 seconds
  Import took 0.007586 seconds .

========================================================================
Received Prepare
Registering precompiled user dll's ...
Registered in 0.001154 seconds.
Begin MonoManager ReloadAssembly
Native extension for WindowsStandalone target not found
Native extension for OSXStandalone target not found
Refreshing native plugins compatible for Editor in 0.35 ms, found 0 plugins.
Preloading 0 native plugins for Editor in 0.00 ms.
Invoked RoslynAnalysisRunner static constructor.
RoslynAnalysisRunner will not be running.
RoslynAnalysisRunner has terminated.
Mono: successfully reloaded assembly
- Completed reload, in  1.351 seconds
Platform modules already initialized, skipping
Refreshing native plugins compatible for Editor in 0.33 ms, found 0 plugins.
Preloading 0 native plugins for Editor in 0.00 ms.
Unloading 1100 Unused Serialized files (Serialized files now loaded: 0)
System memory in use before: 59.8 MB.
System memory in use after: 59.9 MB.

Unloading 5 unused Assets to reduce memory usage. Loaded Objects now: 1603.
Total: 3.049600 ms (FindLiveObjects: 0.230100 ms CreateObjectMapping: 0.047100 ms MarkObjects: 2.669600 ms  DeleteObjects: 0.100400 ms)

========================================================================
Received Import Request.
  Time since last request: 126.872388 seconds.
  path: Assets/CubeBehavior.cs
  artifactKey: Guid(45878dfec7317ac45bece4bac2db4381) Importer(815301076,1909f56bfc062723c751e8b465ee728b)
Start importing Assets/CubeBehavior.cs using Guid(45878dfec7317ac45bece4bac2db4381) Importer(815301076,1909f56bfc062723c751e8b465ee728b)  -> (artifact id: '411d683a189e62e933924da1ce8a6d8b') in 0.008347 seconds
  Import took 0.016454 seconds .

========================================================================
Received Import Request.
  Time since last request: 151.519418 seconds.
  path: Assets/Scenes
  artifactKey: Guid(a148acdcffb1ced4ab5b9686cedb8c00) Importer(815301076,1909f56bfc062723c751e8b465ee728b)
Start importing Assets/Scenes using Guid(a148acdcffb1ced4ab5b9686cedb8c00) Importer(815301076,1909f56bfc062723c751e8b465ee728b)  -> (artifact id: '4bcec8a04dcbfca9a15900bebcc343c9') in 0.003288 seconds
  Import took 0.008793 seconds .

========================================================================
Received Import Request.
  Time since last request: 14.844999 seconds.
  path: Assets/CubeBehavior.cs
  artifactKey: Guid(45878dfec7317ac45bece4bac2db4381) Importer(815301076,1909f56bfc062723c751e8b465ee728b)
Start importing Assets/CubeBehavior.cs using Guid(45878dfec7317ac45bece4bac2db4381) Importer(815301076,1909f56bfc062723c751e8b465ee728b)  -> (artifact id: 'cc3e94054a7564e19bb465911667cddc') in 0.006741 seconds
  Import took 0.014049 seconds .

========================================================================
Received Prepare
Registering precompiled user dll's ...
Registered in 0.000867 seconds.
Begin MonoManager ReloadAssembly
Native extension for WindowsStandalone target not found
Native extension for OSXStandalone target not found
Refreshing native plugins compatible for Editor in 0.20 ms, found 0 plugins.
Preloading 0 native plugins for Editor in 0.00 ms.
Invoked RoslynAnalysisRunner static constructor.
RoslynAnalysisRunner will not be running.
RoslynAnalysisRunner has terminated.
Mono: successfully reloaded assembly
- Completed reload, in  0.730 seconds
Platform modules already initialized, skipping
Refreshing native plugins compatible for Editor in 0.19 ms, found 0 plugins.
Preloading 0 native plugins for Editor in 0.00 ms.
Unloading 1099 Unused Serialized files (Serialized files now loaded: 0)
System memory in use before: 59.8 MB.
System memory in use after: 59.9 MB.

Unloading 6 unused Assets to reduce memory usage. Loaded Objects now: 1604.
Total: 1.652400 ms (FindLiveObjects: 0.193200 ms CreateObjectMapping: 0.042900 ms MarkObjects: 1.349800 ms  DeleteObjects: 0.065000 ms)

========================================================================
Received Prepare
Registering precompiled user dll's ...
Registered in 0.001696 seconds.
Begin MonoManager ReloadAssembly
Native extension for WindowsStandalone target not found
Native extension for OSXStandalone target not found
Refreshing native plugins compatible for Editor in 0.35 ms, found 0 plugins.
Preloading 0 native plugins for Editor in 0.00 ms.
Invoked RoslynAnalysisRunner static constructor.
RoslynAnalysisRunner will not be running.
RoslynAnalysisRunner has terminated.
Mono: successfully reloaded assembly
- Completed reload, in  1.379 seconds
Platform modules already initialized, skipping
Refreshing native plugins compatible for Editor in 0.32 ms, found 0 plugins.
Preloading 0 native plugins for Editor in 0.00 ms.
Unloading 1099 Unused Serialized files (Serialized files now loaded: 0)
System memory in use before: 59.8 MB.
System memory in use after: 59.9 MB.

Unloading 5 unused Assets to reduce memory usage. Loaded Objects now: 1606.
Total: 3.953100 ms (FindLiveObjects: 0.700800 ms CreateObjectMapping: 0.304500 ms MarkObjects: 2.841400 ms  DeleteObjects: 0.102700 ms)

========================================================================
Received Prepare
Registering precompiled user dll's ...
Registered in 0.001484 seconds.
Begin MonoManager ReloadAssembly
Native extension for WindowsStandalone target not found
Native extension for OSXStandalone target not found
Refreshing native plugins compatible for Editor in 0.37 ms, found 0 plugins.
Preloading 0 native plugins for Editor in 0.00 ms.
Invoked RoslynAnalysisRunner static constructor.
RoslynAnalysisRunner will not be running.
RoslynAnalysisRunner has terminated.
Mono: successfully reloaded assembly
- Completed reload, in  1.477 seconds
Platform modules already initialized, skipping
Refreshing native plugins compatible for Editor in 0.36 ms, found 0 plugins.
Preloading 0 native plugins for Editor in 0.00 ms.
Unloading 1099 Unused Serialized files (Serialized files now loaded: 0)
System memory in use before: 59.8 MB.
System memory in use after: 59.9 MB.

Unloading 5 unused Assets to reduce memory usage. Loaded Objects now: 1608.
Total: 3.119900 ms (FindLiveObjects: 0.187000 ms CreateObjectMapping: 0.058500 ms MarkObjects: 2.756400 ms  DeleteObjects: 0.113200 ms)

========================================================================
Received Prepare
Refreshing native plugins compatible for Editor in 0.80 ms, found 0 plugins.
Preloading 0 native plugins for Editor in 0.00 ms.
Unloading 3 Unused Serialized files (Serialized files now loaded: 0)
System memory in use before: 38.1 MB.
System memory in use after: 38.2 MB.

Unloading 3 unused Assets to reduce memory usage. Loaded Objects now: 1608.
Total: 4.038000 ms (FindLiveObjects: 0.208600 ms CreateObjectMapping: 0.038300 ms MarkObjects: 3.701500 ms  DeleteObjects: 0.088100 ms)

========================================================================
Received Prepare
Registering precompiled user dll's ...
Registered in 0.001149 seconds.
Begin MonoManager ReloadAssembly
Native extension for WindowsStandalone target not found
Native extension for OSXStandalone target not found
Refreshing native plugins compatible for Editor in 0.44 ms, found 0 plugins.
Preloading 0 native plugins for Editor in 0.00 ms.
Invoked RoslynAnalysisRunner static constructor.
RoslynAnalysisRunner will not be running.
RoslynAnalysisRunner has terminated.
Mono: successfully reloaded assembly
- Completed reload, in  1.442 seconds
Platform modules already initialized, skipping
Refreshing native plugins compatible for Editor in 0.34 ms, found 0 plugins.
Preloading 0 native plugins for Editor in 0.00 ms.
Unloading 1099 Unused Serialized files (Serialized files now loaded: 0)
System memory in use before: 59.9 MB.
System memory in use after: 60.0 MB.

Unloading 5 unused Assets to reduce memory usage. Loaded Objects now: 1610.
Total: 3.904600 ms (FindLiveObjects: 0.365100 ms CreateObjectMapping: 0.092100 ms MarkObjects: 3.296100 ms  DeleteObjects: 0.146100 ms)

AssetImportWorkerClient::OnTransportError - code=2 error=End of file
